<?xml version="1.0" encoding="UTF-8"?>
<!-- Generated by org.testng.reporters.JUnitReportReporter -->
<testsuite hostname="Sony-VAIO" name="com.festicket.qa.TestCases.LoginTest" tests="1" failures="0" timestamp="22 Mar 2019 22:02:31 GMT" time="28.126" errors="0">
  <testcase name="loginTest" time="28.126" classname="com.festicket.qa.TestCases.LoginTest"/>
</testsuite> <!-- com.festicket.qa.TestCases.LoginTest -->
