<?xml version="1.0" encoding="UTF-8"?>
<!-- Generated by org.testng.reporters.JUnitReportReporter -->
<testsuite hostname="Sony-VAIO" name="com.festicket.qa.TestCases.HomepageTest" tests="1" failures="0" timestamp="23 Mar 2019 12:57:45 GMT" time="45.745" errors="0">
  <testcase name="verifyCorrectUser" time="45.745" classname="com.festicket.qa.TestCases.HomepageTest"/>
</testsuite> <!-- com.festicket.qa.TestCases.HomepageTest -->
