<?xml version="1.0" encoding="UTF-8"?>
<!-- Generated by org.testng.reporters.JUnitReportReporter -->
<testsuite hostname="Sony-VAIO" name="com.festicket.qa.TestCases.LoginTest" tests="1" failures="0" timestamp="23 Mar 2019 11:41:22 GMT" time="53.064" errors="0">
  <testcase name="loginTest" time="53.064" classname="com.festicket.qa.TestCases.LoginTest"/>
</testsuite> <!-- com.festicket.qa.TestCases.LoginTest -->
